[debug] [2023-06-03T10:21:39.710Z] ----------------------------------------------------------------------
[debug] [2023-06-03T10:21:39.713Z] Command:       C:\Program Files\nodejs\node.exe C:\Users\ardha\AppData\Roaming\npm\node_modules\firebase-tools\lib\bin\firebase.js init
[debug] [2023-06-03T10:21:39.714Z] CLI Version:   12.3.0
[debug] [2023-06-03T10:21:39.715Z] Platform:      win32
[debug] [2023-06-03T10:21:39.715Z] Node Version:  v18.16.0
[debug] [2023-06-03T10:21:39.717Z] Time:          Sat Jun 03 2023 17:21:39 GMT+0700 (Waktu Indonesia Barat)
[debug] [2023-06-03T10:21:39.717Z] ----------------------------------------------------------------------
[debug] 
[debug] [2023-06-03T10:21:39.723Z] >>> [apiv2][query] GET https://firebase-public.firebaseio.com/cli.json [none]
[debug] [2023-06-03T10:21:39.812Z] > command requires scopes: ["email","openid","https://www.googleapis.com/auth/cloudplatformprojects.readonly","https://www.googleapis.com/auth/firebase","https://www.googleapis.com/auth/cloud-platform"]
[debug] [2023-06-03T10:21:39.812Z] > authorizing via signed-in user (ardhananinda5@gmail.com)
[info] 
     ######## #### ########  ######## ########     ###     ######  ########
     ##        ##  ##     ## ##       ##     ##  ##   ##  ##       ##
     ######    ##  ########  ######   ########  #########  ######  ######
     ##        ##  ##    ##  ##       ##     ## ##     ##       ## ##
     ##       #### ##     ## ######## ########  ##     ##  ######  ########

You're about to initialize a Firebase project in this directory:

  C:\Users\ardha\Documents\Semester 4\TWL\vue-dashboard

[debug] [2023-06-03T10:21:40.500Z] <<< [apiv2][status] GET https://firebase-public.firebaseio.com/cli.json 200
[debug] [2023-06-03T10:21:40.501Z] <<< [apiv2][body] GET https://firebase-public.firebaseio.com/cli.json {"cloudBuildErrorAfter":1594252800000,"cloudBuildWarnAfter":1590019200000,"defaultNode10After":1594252800000,"minVersion":"3.0.5","node8DeploysDisabledAfter":1613390400000,"node8RuntimeDisabledAfter":1615809600000,"node8WarnAfter":1600128000000}
[info] 
=== Project Setup
[info] 
[info] First, let's associate this project directory with a Firebase project.
[info] You can create multiple project aliases by running firebase use --add, 
[info] but for now we'll just set up a default project.
[info] 
